<?xml version="1.0" encoding="UTF-8"?>
<!-- Generated by org.testng.reporters.JUnitReportReporter -->
<testsuite hostname="TestingWorld-PC" name="org.hcl.testcases.TC_001_Validate_Login_valid_credentials" tests="4" failures="0" timestamp="7 Sep 2017 03:32:42 GMT" time="54.107" errors="0">
  <testcase name="tcase1" time="13.733" classname="org.hcl.testcases.TC_001_Validate_Login_valid_credentials"/>
  <testcase name="tcase1" time="12.314" classname="org.hcl.testcases.TC_001_Validate_Login_valid_credentials"/>
  <testcase name="tcase1" time="14.817" classname="org.hcl.testcases.TC_001_Validate_Login_valid_credentials"/>
  <testcase name="tcase1" time="13.243" classname="org.hcl.testcases.TC_001_Validate_Login_valid_credentials"/>
</testsuite> <!-- org.hcl.testcases.TC_001_Validate_Login_valid_credentials -->
